TN:
SF:/Users/ivanlieskov/Desktop/T/contracts/RobotCore.sol
FN:20,constructor
FN:41,modifying
FN:68,_newRobotId
FN:130,_newRobotGeneration
FN:160,createRobotGen0
FN:170,getRobot
FN:195,getCreatedGen0
FNF:7
FNH:7
FNDA:414,constructor
FNDA:48,modifying
FNDA:44,_newRobotId
FNDA:44,_newRobotGeneration
FNDA:1046,createRobotGen0
FNDA:103,getRobot
FNDA:1,getCreatedGen0
DA:21,414
DA:22,414
DA:42,48
DA:43,46
DA:44,45
DA:45,44
DA:46,44
DA:47,44
DA:48,44
DA:49,44
DA:73,44
DA:74,44
DA:75,44
DA:76,44
DA:77,44
DA:78,352
DA:79,352
DA:80,352
DA:81,44
DA:82,23
DA:84,21
DA:86,44
DA:87,44
DA:89,153
DA:90,153
DA:91,153
DA:93,155
DA:94,155
DA:95,155
DA:99,44
DA:100,44
DA:101,5
DA:103,39
DA:106,44
DA:107,352
DA:108,352
DA:109,308
DA:111,352
DA:112,44
DA:115,44
DA:135,44
DA:136,44
DA:137,3
DA:138,3
DA:140,4
DA:141,4
DA:143,37
DA:145,44
DA:161,1046
DA:162,1045
DA:163,1045
DA:164,1045
DA:182,103
DA:183,103
DA:184,103
DA:185,103
DA:186,103
DA:187,103
DA:188,103
DA:189,103
DA:196,1
LF:61
LH:61
BRDA:21,1,0,414
BRDA:21,1,1,0
BRDA:42,2,0,46
BRDA:42,2,1,2
BRDA:43,3,0,45
BRDA:43,3,1,1
BRDA:44,4,0,44
BRDA:44,4,1,1
BRDA:80,5,0,44
BRDA:80,5,1,308
BRDA:81,6,0,23
BRDA:81,6,1,21
BRDA:88,7,0,153
BRDA:88,7,1,155
BRDA:100,8,0,5
BRDA:100,8,1,39
BRDA:108,9,0,308
BRDA:108,9,1,44
BRDA:111,10,0,44
BRDA:111,10,1,308
BRDA:136,11,0,3
BRDA:136,11,1,41
BRDA:139,12,0,4
BRDA:139,12,1,37
BRDA:161,13,0,1045
BRDA:161,13,1,1
BRDA:183,14,0,103
BRDA:183,14,1,0
BRF:28
BRH:26
end_of_record
TN:
SF:/Users/ivanlieskov/Desktop/T/contracts/RobotFactory.sol
FN:52,_createRobot
FN:80,tokensOfOwner
FN:101,totalSupply
FNF:3
FNH:3
FNDA:1089,_createRobot
FNDA:11,tokensOfOwner
FNDA:11,totalSupply
DA:59,1089
DA:60,1089
DA:61,1089
DA:69,1089
DA:70,1089
DA:71,1089
DA:72,1089
DA:81,11
DA:82,11
DA:83,1
DA:85,10
DA:86,10
DA:87,10
DA:88,10
DA:89,100
DA:90,34
DA:91,34
DA:94,10
DA:102,11
LF:19
LH:19
BRDA:82,1,0,1
BRDA:82,1,1,10
BRDA:89,2,0,34
BRDA:89,2,1,66
BRF:4
BRH:4
end_of_record
TN:
SF:/Users/ivanlieskov/Desktop/T/contracts/RobotMarketPlace.sol
FN:46,setOffer
FN:69,removeOffer
FN:91,buyRobot
FN:106,getOffer
FN:122,getAllTokensOnSale
FNF:5
FNH:5
FNDA:1055,setOffer
FNDA:7,removeOffer
FNDA:4,buyRobot
FNDA:3,getOffer
FNDA:5,getAllTokensOnSale
DA:47,1055
DA:48,1054
DA:49,1053
DA:50,1053
DA:51,1053
DA:52,1053
DA:53,1053
DA:54,1053
DA:70,7
DA:71,6
DA:72,6
DA:73,5
DA:74,5
DA:75,5
DA:76,5
DA:77,5
DA:92,4
DA:93,4
DA:94,2
DA:95,2
DA:96,2
DA:97,2
DA:98,2
DA:99,2
DA:100,2
DA:115,3
DA:116,3
DA:123,5
DA:124,5
DA:125,1
DA:127,4
DA:128,4
DA:129,4
DA:130,38
DA:131,38
DA:134,4
LF:36
LH:36
BRDA:47,1,0,1054
BRDA:47,1,1,1
BRDA:48,2,0,1053
BRDA:48,2,1,1
BRDA:70,3,0,6
BRDA:70,3,1,1
BRDA:72,4,0,5
BRDA:72,4,1,1
BRDA:93,5,0,2
BRDA:93,5,1,2
BRDA:124,6,0,1
BRDA:124,6,1,4
BRDA:130,7,0,38
BRDA:130,7,1,0
BRF:14
BRH:13
end_of_record
